2020-04-17 07:36:36.141  INFO 16492 --- [main] com.axway.runners.RunnersApplication     : Starting RunnersApplication on DESKTOP-RFDGF5U with PID 16492 (C:\Users\Abhilash\IdeaProjects\runnersApplication\target\classes started by Abhilash in C:\Users\Abhilash\IdeaProjects\runnersApplication)
2020-04-17 07:36:36.163  INFO 16492 --- [main] com.axway.runners.RunnersApplication     : The following profiles are active: dev
2020-04-17 07:36:52.405  INFO 16492 --- [main] com.axway.runners.RunnersApplication     : Started RunnersApplication in 17.368 seconds (JVM running for 18.995)
2020-04-17 07:37:12.287  INFO 16492 --- [http-nio-8080-exec-4] com.axway.runners.HomeController         : User achavala@axway.com already exists
2020-04-17 08:16:41.531  INFO 30104 --- [main] com.axway.runners.RunnersApplication     : Starting RunnersApplication on DESKTOP-RFDGF5U with PID 30104 (C:\Users\Abhilash\IdeaProjects\runnersApplication\target\classes started by Abhilash in C:\Users\Abhilash\IdeaProjects\runnersApplication)
2020-04-17 08:16:41.537  INFO 30104 --- [main] com.axway.runners.RunnersApplication     : The following profiles are active: dev
2020-04-17 08:16:56.072  INFO 30104 --- [main] com.axway.runners.RunnersApplication     : Started RunnersApplication in 15.62 seconds (JVM running for 16.799)
2020-04-17 08:17:11.220  INFO 30104 --- [http-nio-8080-exec-6] com.axway.runners.HomeController         : User achavala@axway.com already exists
2020-04-17 08:18:47.544  INFO 30104 --- [http-nio-8080-exec-3] com.axway.runners.HomeController         : User achavala@axway.com already exists
2020-04-17 08:25:39.551  INFO 25424 --- [main] com.axway.runners.RunnersApplication     : Starting RunnersApplication on DESKTOP-RFDGF5U with PID 25424 (C:\Users\Abhilash\IdeaProjects\runnersApplication\target\classes started by Abhilash in C:\Users\Abhilash\IdeaProjects\runnersApplication)
2020-04-17 08:25:39.557  INFO 25424 --- [main] com.axway.runners.RunnersApplication     : The following profiles are active: dev
2020-04-17 08:25:53.804  INFO 25424 --- [main] com.axway.runners.RunnersApplication     : Started RunnersApplication in 15.345 seconds (JVM running for 16.543)
2020-04-17 08:26:20.278  INFO 25424 --- [http-nio-8080-exec-4] com.axway.runners.HomeController         : User achavala@axway.com already exists
2020-04-17 08:52:24.472  INFO 33528 --- [main] com.axway.runners.RunnersApplication     : Starting RunnersApplication on DESKTOP-RFDGF5U with PID 33528 (C:\Users\Abhilash\IdeaProjects\runnersApplication\target\classes started by Abhilash in C:\Users\Abhilash\IdeaProjects\runnersApplication)
2020-04-17 08:52:24.487  INFO 33528 --- [main] com.axway.runners.RunnersApplication     : The following profiles are active: dev
2020-04-17 08:52:39.259  INFO 33528 --- [main] com.axway.runners.RunnersApplication     : Started RunnersApplication in 15.913 seconds (JVM running for 17.066)
2020-04-17 08:52:55.294  INFO 33528 --- [http-nio-8080-exec-4] com.axway.runners.HomeController         : User achavala@axway.com already exists
2020-04-17 08:54:36.558  INFO 24924 --- [main] com.axway.runners.RunnersApplication     : Starting RunnersApplication on DESKTOP-RFDGF5U with PID 24924 (C:\Users\Abhilash\IdeaProjects\runnersApplication\target\classes started by Abhilash in C:\Users\Abhilash\IdeaProjects\runnersApplication)
2020-04-17 08:54:36.564  INFO 24924 --- [main] com.axway.runners.RunnersApplication     : The following profiles are active: dev
2020-04-17 08:54:51.369  INFO 24924 --- [main] com.axway.runners.RunnersApplication     : Started RunnersApplication in 15.884 seconds (JVM running for 17.051)
2020-04-17 08:55:15.597  INFO 24924 --- [http-nio-8080-exec-6] com.axway.runners.HomeController         : User achavala@axway.com already exists
2020-04-17 09:13:31.967  INFO 4816 --- [main] com.axway.runners.RunnersApplication     : Starting RunnersApplication on DESKTOP-RFDGF5U with PID 4816 (C:\Users\Abhilash\IdeaProjects\runnersApplication\target\classes started by Abhilash in C:\Users\Abhilash\IdeaProjects\runnersApplication)
2020-04-17 09:13:31.973  INFO 4816 --- [main] com.axway.runners.RunnersApplication     : The following profiles are active: dev
2020-04-17 09:13:46.889  INFO 4816 --- [main] com.axway.runners.RunnersApplication     : Started RunnersApplication in 16.018 seconds (JVM running for 17.206)
2020-04-17 09:14:19.004  INFO 4816 --- [http-nio-8080-exec-5] com.axway.runners.HomeController         : User achavala@axway.com already exists
2020-04-17 09:16:59.251  INFO 26236 --- [main] com.axway.runners.RunnersApplication     : Starting RunnersApplication on DESKTOP-RFDGF5U with PID 26236 (C:\Users\Abhilash\IdeaProjects\runnersApplication\target\classes started by Abhilash in C:\Users\Abhilash\IdeaProjects\runnersApplication)
2020-04-17 09:16:59.258  INFO 26236 --- [main] com.axway.runners.RunnersApplication     : The following profiles are active: dev
2020-04-17 09:17:15.174  INFO 26236 --- [main] com.axway.runners.RunnersApplication     : Started RunnersApplication in 16.969 seconds (JVM running for 18.157)
2020-04-17 09:17:32.337  INFO 26236 --- [http-nio-8080-exec-4] com.axway.runners.HomeController         : User achavala@axway.com already exists
2020-04-17 10:38:31.525  INFO 19024 --- [main] com.axway.runners.RunnersApplication     : Starting RunnersApplication on DESKTOP-RFDGF5U with PID 19024 (C:\Users\Abhilash\IdeaProjects\runnersApplication\target\classes started by Abhilash in C:\Users\Abhilash\IdeaProjects\runnersApplication)
2020-04-17 10:38:31.533  INFO 19024 --- [main] com.axway.runners.RunnersApplication     : The following profiles are active: dev
2020-04-17 10:38:53.124  INFO 19024 --- [main] com.axway.runners.RunnersApplication     : Started RunnersApplication in 22.827 seconds (JVM running for 24.179)
2020-04-17 10:39:20.345  INFO 19024 --- [http-nio-8080-exec-5] com.axway.runners.HomeController         : User achavala@axway.com already exists
2020-04-17 10:46:09.286  INFO 16512 --- [main] com.axway.runners.RunnersApplication     : Starting RunnersApplication on DESKTOP-RFDGF5U with PID 16512 (C:\Users\Abhilash\IdeaProjects\runnersApplication\target\classes started by Abhilash in C:\Users\Abhilash\IdeaProjects\runnersApplication)
2020-04-17 10:46:09.293  INFO 16512 --- [main] com.axway.runners.RunnersApplication     : The following profiles are active: dev
2020-04-17 10:46:25.821  INFO 16512 --- [main] com.axway.runners.RunnersApplication     : Started RunnersApplication in 17.753 seconds (JVM running for 19.104)
2020-04-17 10:51:20.540  INFO 16512 --- [http-nio-8080-exec-4] com.axway.runners.HomeController         : User achavala@axway.com already exists
2020-04-17 11:01:40.467  INFO 31980 --- [main] com.axway.runners.RunnersApplication     : Starting RunnersApplication on DESKTOP-RFDGF5U with PID 31980 (C:\Users\Abhilash\IdeaProjects\runnersApplication\target\classes started by Abhilash in C:\Users\Abhilash\IdeaProjects\runnersApplication)
2020-04-17 11:01:40.494  INFO 31980 --- [main] com.axway.runners.RunnersApplication     : The following profiles are active: dev
2020-04-17 11:02:00.528  INFO 31980 --- [main] com.axway.runners.RunnersApplication     : Started RunnersApplication in 21.526 seconds (JVM running for 22.861)
2020-04-17 11:02:23.571  INFO 31980 --- [http-nio-8080-exec-4] com.axway.runners.HomeController         : User achavala@axway.com already exists
2020-04-17 11:32:27.749  INFO 34932 --- [main] com.axway.runners.RunnersApplication     : Starting RunnersApplication on DESKTOP-RFDGF5U with PID 34932 (C:\Users\Abhilash\IdeaProjects\runnersApplication\target\classes started by Abhilash in C:\Users\Abhilash\IdeaProjects\runnersApplication)
2020-04-17 11:32:27.756  INFO 34932 --- [main] com.axway.runners.RunnersApplication     : The following profiles are active: dev
2020-04-17 11:32:42.125  INFO 34932 --- [main] com.axway.runners.RunnersApplication     : Started RunnersApplication in 15.434 seconds (JVM running for 16.612)
2020-04-17 11:33:29.842  INFO 34932 --- [http-nio-8080-exec-6] com.axway.runners.HomeController         : User achavala@axway.com already exists
2020-04-17 11:49:16.339  INFO 24792 --- [main] com.axway.runners.RunnersApplication     : Starting RunnersApplication on DESKTOP-RFDGF5U with PID 24792 (C:\Users\Abhilash\IdeaProjects\runnersApplication\target\classes started by Abhilash in C:\Users\Abhilash\IdeaProjects\runnersApplication)
2020-04-17 11:49:16.346  INFO 24792 --- [main] com.axway.runners.RunnersApplication     : The following profiles are active: dev
2020-04-17 11:49:31.786  INFO 24792 --- [main] com.axway.runners.RunnersApplication     : Started RunnersApplication in 16.616 seconds (JVM running for 17.789)
2020-04-17 11:50:45.876  INFO 24792 --- [http-nio-8080-exec-5] com.axway.runners.HomeController         : User achavala@axway.com already exists
2020-04-17 11:52:09.942  INFO 24792 --- [http-nio-8080-exec-3] com.axway.runners.HomeController         : User achavala@axway.com already exists
2020-04-17 11:55:26.245  INFO 24792 --- [http-nio-8080-exec-1] com.axway.runners.HomeController         : User achavala@axway.com already exists
2020-04-17 11:55:50.627  INFO 24792 --- [http-nio-8080-exec-1] com.axway.runners.HomeController         : User achavala@axway.com already exists
2020-04-17 11:56:14.184  INFO 24792 --- [APICentral-1] com.axway.runners.strava.StravaClient    : Status code from IB : 
2020-04-17 11:56:14.185  INFO 24792 --- [APICentral-1] com.axway.runners.strava.StravaClient    : Response from IB : [{"id":121376559,"formulaInstanceId":434454,"stepExecutions":[],"status":"pending","elementInstanceId":0}]
2020-04-17 11:56:36.590  INFO 24792 --- [http-nio-8080-exec-2] com.axway.runners.HomeController         : User achavala@axway.com already exists
2020-04-17 12:08:21.736  INFO 18672 --- [main] com.axway.runners.RunnersApplication     : Starting RunnersApplication on DESKTOP-RFDGF5U with PID 18672 (C:\Users\Abhilash\IdeaProjects\runnersApplication\target\classes started by Abhilash in C:\Users\Abhilash\IdeaProjects\runnersApplication)
2020-04-17 12:08:21.750  INFO 18672 --- [main] com.axway.runners.RunnersApplication     : The following profiles are active: dev
2020-04-17 12:08:38.884  INFO 18672 --- [main] com.axway.runners.RunnersApplication     : Started RunnersApplication in 18.425 seconds (JVM running for 19.801)
2020-04-17 12:08:51.455  INFO 18672 --- [http-nio-8080-exec-7] com.axway.runners.HomeController         : User achavala@axway.com already exists
2020-04-17 12:14:31.755  INFO 18672 --- [APICentral-1] com.axway.runners.strava.StravaClient    : Status code from IB : 
2020-04-17 12:14:31.756  INFO 18672 --- [APICentral-1] com.axway.runners.strava.StravaClient    : Response from IB : [{"id":121378087,"formulaInstanceId":434454,"stepExecutions":[],"status":"pending","elementInstanceId":0}]
2020-04-17 12:19:45.262  INFO 20896 --- [main] com.axway.runners.RunnersApplication     : Starting RunnersApplication on DESKTOP-RFDGF5U with PID 20896 (C:\Users\Abhilash\IdeaProjects\runnersApplication\target\classes started by Abhilash in C:\Users\Abhilash\IdeaProjects\runnersApplication)
2020-04-17 12:19:45.267  INFO 20896 --- [main] com.axway.runners.RunnersApplication     : The following profiles are active: dev
2020-04-17 12:20:00.391  INFO 20896 --- [main] com.axway.runners.RunnersApplication     : Started RunnersApplication in 16.134 seconds (JVM running for 17.293)
2020-04-17 12:31:29.865  INFO 20896 --- [http-nio-8080-exec-4] com.axway.runners.HomeController         : User achavala@axway.com already exists
2020-04-17 12:32:54.407  INFO 20896 --- [http-nio-8080-exec-6] com.axway.runners.HomeController         : User achavala@axway.com already exists
2020-04-17 12:53:52.706  INFO 14576 --- [main] com.axway.runners.RunnersApplication     : Starting RunnersApplication on DESKTOP-RFDGF5U with PID 14576 (C:\Users\Abhilash\IdeaProjects\runnersApplication\target\classes started by Abhilash in C:\Users\Abhilash\IdeaProjects\runnersApplication)
2020-04-17 12:53:52.715  INFO 14576 --- [main] com.axway.runners.RunnersApplication     : The following profiles are active: dev
2020-04-17 12:54:11.986  INFO 14576 --- [main] com.axway.runners.RunnersApplication     : Started RunnersApplication in 20.639 seconds (JVM running for 22.891)
2020-04-17 12:54:20.562  INFO 14576 --- [http-nio-8080-exec-4] com.axway.runners.HomeController         : User achavala@axway.com already exists
2020-04-17 13:36:00.786  INFO 6668 --- [main] com.axway.runners.RunnersApplication     : Starting RunnersApplication on DESKTOP-RFDGF5U with PID 6668 (C:\Users\Abhilash\IdeaProjects\runnersApplication\target\classes started by Abhilash in C:\Users\Abhilash\IdeaProjects\runnersApplication)
2020-04-17 13:36:00.818  INFO 6668 --- [main] com.axway.runners.RunnersApplication     : The following profiles are active: dev
2020-04-17 13:36:19.139  INFO 6668 --- [main] com.axway.runners.RunnersApplication     : Started RunnersApplication in 20.272 seconds (JVM running for 22.323)
2020-04-17 13:36:33.005  INFO 6668 --- [http-nio-8080-exec-7] com.axway.runners.HomeController         : User achavala@axway.com already exists
2020-04-17 13:49:48.996  INFO 28904 --- [main] com.axway.runners.RunnersApplication     : Starting RunnersApplication on DESKTOP-RFDGF5U with PID 28904 (C:\Users\Abhilash\IdeaProjects\runnersApplication\target\classes started by Abhilash in C:\Users\Abhilash\IdeaProjects\runnersApplication)
2020-04-17 13:49:49.007  INFO 28904 --- [main] com.axway.runners.RunnersApplication     : The following profiles are active: dev
2020-04-17 13:50:03.904  INFO 28904 --- [main] com.axway.runners.RunnersApplication     : Started RunnersApplication in 15.987 seconds (JVM running for 17.265)
2020-04-17 13:50:20.757  INFO 28904 --- [http-nio-8080-exec-7] com.axway.runners.HomeController         : User achavala@axway.com already exists
2020-04-17 13:51:41.454  INFO 28904 --- [http-nio-8080-exec-5] com.axway.runners.HomeController         : User achavala@axway.com already exists
2020-04-17 14:03:44.590  INFO 8964 --- [main] com.axway.runners.RunnersApplication     : Starting RunnersApplication on DESKTOP-RFDGF5U with PID 8964 (C:\Users\Abhilash\IdeaProjects\runnersApplication\target\classes started by Abhilash in C:\Users\Abhilash\IdeaProjects\runnersApplication)
2020-04-17 14:03:44.596  INFO 8964 --- [main] com.axway.runners.RunnersApplication     : The following profiles are active: dev
2020-04-17 14:03:59.070  INFO 8964 --- [main] com.axway.runners.RunnersApplication     : Started RunnersApplication in 15.499 seconds (JVM running for 16.691)
2020-04-17 14:04:11.698  INFO 8964 --- [http-nio-8080-exec-5] com.axway.runners.HomeController         : User achavala@axway.com already exists
2020-04-17 14:04:55.549  INFO 8964 --- [http-nio-8080-exec-3] com.axway.runners.HomeController         : User achavala@axway.com already exists
2020-04-17 14:20:32.492  INFO 29480 --- [main] com.axway.runners.RunnersApplication     : Starting RunnersApplication on DESKTOP-RFDGF5U with PID 29480 (C:\Users\Abhilash\IdeaProjects\runnersApplication\target\classes started by Abhilash in C:\Users\Abhilash\IdeaProjects\runnersApplication)
2020-04-17 14:20:32.498  INFO 29480 --- [main] com.axway.runners.RunnersApplication     : The following profiles are active: dev
2020-04-17 14:20:48.597  INFO 29480 --- [main] com.axway.runners.RunnersApplication     : Started RunnersApplication in 17.207 seconds (JVM running for 18.746)
2020-04-17 14:21:29.442  INFO 29480 --- [http-nio-8080-exec-7] com.axway.runners.HomeController         : User achavala@axway.com already exists
2020-04-17 14:21:51.193  INFO 29480 --- [http-nio-8080-exec-3] com.axway.runners.HomeController         : User achavala@axway.com already exists
2020-04-17 14:34:52.029  INFO 3000 --- [main] com.axway.runners.RunnersApplication     : Starting RunnersApplication on DESKTOP-RFDGF5U with PID 3000 (C:\Users\Abhilash\IdeaProjects\runnersApplication\target\classes started by Abhilash in C:\Users\Abhilash\IdeaProjects\runnersApplication)
2020-04-17 14:34:52.038  INFO 3000 --- [main] com.axway.runners.RunnersApplication     : The following profiles are active: dev
2020-04-17 14:35:09.934  INFO 3000 --- [main] com.axway.runners.RunnersApplication     : Started RunnersApplication in 19.045 seconds (JVM running for 20.411)
2020-04-17 14:35:30.470  INFO 3000 --- [http-nio-8080-exec-5] com.axway.runners.HomeController         : User achavala@axway.com already exists
2020-04-17 14:38:03.932  INFO 3000 --- [http-nio-8080-exec-6] com.axway.runners.HomeController         : User achavala@axway.com already exists
2020-04-17 14:44:06.917  INFO 17320 --- [main] com.axway.runners.RunnersApplication     : Starting RunnersApplication on DESKTOP-RFDGF5U with PID 17320 (C:\Users\Abhilash\IdeaProjects\runnersApplication\target\classes started by Abhilash in C:\Users\Abhilash\IdeaProjects\runnersApplication)
2020-04-17 14:44:06.924  INFO 17320 --- [main] com.axway.runners.RunnersApplication     : The following profiles are active: dev
2020-04-17 14:44:26.021  INFO 17320 --- [main] com.axway.runners.RunnersApplication     : Started RunnersApplication in 20.37 seconds (JVM running for 21.696)
2020-04-17 14:44:39.904  INFO 17320 --- [http-nio-8080-exec-5] com.axway.runners.HomeController         : User achavala@axway.com already exists
2020-04-17 14:48:51.820  INFO 8216 --- [main] com.axway.runners.RunnersApplication     : Starting RunnersApplication on DESKTOP-RFDGF5U with PID 8216 (C:\Users\Abhilash\IdeaProjects\runnersApplication\target\classes started by Abhilash in C:\Users\Abhilash\IdeaProjects\runnersApplication)
2020-04-17 14:48:51.827  INFO 8216 --- [main] com.axway.runners.RunnersApplication     : The following profiles are active: dev
2020-04-17 14:49:08.994  INFO 8216 --- [main] com.axway.runners.RunnersApplication     : Started RunnersApplication in 18.575 seconds (JVM running for 20.024)
2020-04-17 14:49:49.852  INFO 8216 --- [http-nio-8080-exec-4] com.axway.runners.HomeController         : User achavala@axway.com already exists
2020-04-17 14:57:32.723  INFO 24196 --- [main] com.axway.runners.RunnersApplication     : Starting RunnersApplication on DESKTOP-RFDGF5U with PID 24196 (C:\Users\Abhilash\IdeaProjects\runnersApplication\target\classes started by Abhilash in C:\Users\Abhilash\IdeaProjects\runnersApplication)
2020-04-17 14:57:32.730  INFO 24196 --- [main] com.axway.runners.RunnersApplication     : The following profiles are active: dev
2020-04-17 14:57:48.221  INFO 24196 --- [main] com.axway.runners.RunnersApplication     : Started RunnersApplication in 16.928 seconds (JVM running for 18.277)
2020-04-17 14:58:08.518  INFO 24196 --- [http-nio-8080-exec-3] com.axway.runners.HomeController         : User achavala@axway.com already exists
2020-04-17 15:04:58.422  INFO 1164 --- [main] com.axway.runners.RunnersApplication     : Starting RunnersApplication on DESKTOP-RFDGF5U with PID 1164 (C:\Users\Abhilash\IdeaProjects\runnersApplication\target\classes started by Abhilash in C:\Users\Abhilash\IdeaProjects\runnersApplication)
2020-04-17 15:04:58.431  INFO 1164 --- [main] com.axway.runners.RunnersApplication     : The following profiles are active: dev
2020-04-17 15:05:16.946  INFO 1164 --- [main] com.axway.runners.RunnersApplication     : Started RunnersApplication in 19.782 seconds (JVM running for 21.244)
2020-04-17 15:05:34.205  INFO 1164 --- [http-nio-8080-exec-7] com.axway.runners.HomeController         : User achavala@axway.com already exists
2020-04-17 15:24:37.772  INFO 30896 --- [main] com.axway.runners.RunnersApplication     : Starting RunnersApplication on DESKTOP-RFDGF5U with PID 30896 (C:\Users\Abhilash\IdeaProjects\runnersApplication\target\classes started by Abhilash in C:\Users\Abhilash\IdeaProjects\runnersApplication)
2020-04-17 15:24:37.801  INFO 30896 --- [main] com.axway.runners.RunnersApplication     : The following profiles are active: dev
2020-04-17 15:24:52.710  INFO 30896 --- [main] com.axway.runners.RunnersApplication     : Started RunnersApplication in 16.151 seconds (JVM running for 17.513)
2020-04-17 15:25:06.780  INFO 30896 --- [http-nio-8080-exec-4] com.axway.runners.HomeController         : User achavala@axway.com already exists
